{"contracts/Custodial.sol":{"l":{"22":2,"29":0,"30":0,"37":0,"38":0,"46":0,"47":0,"48":0},"path":"/Users/ryanfisch/Code/cone/contracts/Custodial.sol","s":{"1":2,"2":0,"3":0,"4":0,"5":0,"6":0,"7":0},"b":{"1":[0,0],"2":[0,0]},"f":{"1":2,"2":0,"3":0,"4":0},"fnMap":{"1":{"name":null,"line":21,"loc":{"start":{"line":21,"column":4},"end":{"line":21,"column":42}}},"2":{"name":"onlyCustodian","line":28,"loc":{"start":{"line":28,"column":4},"end":{"line":28,"column":26}}},"3":{"name":"renounceCustody","line":36,"loc":{"start":{"line":36,"column":4},"end":{"line":36,"column":49}}},"4":{"name":"transferCustody","line":45,"loc":{"start":{"line":45,"column":4},"end":{"line":45,"column":70}}}},"statementMap":{"1":{"start":{"line":22,"column":8},"end":{"line":22,"column":29}},"2":{"start":{"line":29,"column":8},"end":{"line":29,"column":77}},"3":{"start":{"line":37,"column":8},"end":{"line":37,"column":40}},"4":{"start":{"line":38,"column":8},"end":{"line":38,"column":29}},"5":{"start":{"line":46,"column":8},"end":{"line":46,"column":97}},"6":{"start":{"line":47,"column":8},"end":{"line":47,"column":57}},"7":{"start":{"line":48,"column":8},"end":{"line":48,"column":32}}},"branchMap":{"1":{"line":29,"type":"if","locations":[{"start":{"line":29,"column":8},"end":{"line":29,"column":8}},{"start":{"line":29,"column":8},"end":{"line":29,"column":8}}]},"2":{"line":46,"type":"if","locations":[{"start":{"line":46,"column":8},"end":{"line":46,"column":8}},{"start":{"line":46,"column":8},"end":{"line":46,"column":8}}]}}},"contracts/Escrow.sol":{"l":{"18":2,"19":2,"23":0,"24":0,"28":0,"29":0,"33":0,"34":0,"35":0,"36":0,"37":0,"42":0,"47":0,"48":0,"49":0},"path":"/Users/ryanfisch/Code/cone/contracts/Escrow.sol","s":{"1":2,"2":2,"3":0,"4":0,"5":0,"6":0,"7":0,"8":0,"9":0,"10":0,"11":0,"12":0},"b":{"1":[2,0],"2":[0,0],"3":[0,0],"4":[0,0]},"f":{"1":2,"2":0,"3":0,"4":0,"5":0,"6":0},"fnMap":{"1":{"name":null,"line":17,"loc":{"start":{"line":17,"column":4},"end":{"line":17,"column":76}}},"2":{"name":"PayerOnly","line":22,"loc":{"start":{"line":22,"column":4},"end":{"line":22,"column":39}}},"3":{"name":"PayeeOnly","line":27,"loc":{"start":{"line":27,"column":4},"end":{"line":27,"column":39}}},"4":{"name":"createAgreement","line":32,"loc":{"start":{"line":32,"column":4},"end":{"line":32,"column":118}}},"5":{"name":"makeRedeemable","line":40,"loc":{"start":{"line":40,"column":4},"end":{"line":41,"column":5}}},"6":{"name":"redeem","line":45,"loc":{"start":{"line":45,"column":4},"end":{"line":46,"column":5}}}},"statementMap":{"1":{"start":{"line":18,"column":8},"end":{"line":18,"column":70}},"2":{"start":{"line":19,"column":8},"end":{"line":19,"column":21}},"3":{"start":{"line":23,"column":8},"end":{"line":23,"column":92}},"4":{"start":{"line":28,"column":8},"end":{"line":28,"column":92}},"5":{"start":{"line":33,"column":8},"end":{"line":33,"column":42}},"6":{"start":{"line":34,"column":8},"end":{"line":34,"column":42}},"7":{"start":{"line":35,"column":8},"end":{"line":35,"column":44}},"8":{"start":{"line":36,"column":8},"end":{"line":36,"column":44}},"9":{"start":{"line":37,"column":8},"end":{"line":37,"column":46}},"10":{"start":{"line":42,"column":8},"end":{"line":42,"column":45}},"11":{"start":{"line":47,"column":8},"end":{"line":47,"column":96}},"12":{"start":{"line":48,"column":8},"end":{"line":48,"column":42}}},"branchMap":{"1":{"line":18,"type":"if","locations":[{"start":{"line":18,"column":8},"end":{"line":18,"column":8}},{"start":{"line":18,"column":8},"end":{"line":18,"column":8}}]},"2":{"line":23,"type":"if","locations":[{"start":{"line":23,"column":8},"end":{"line":23,"column":8}},{"start":{"line":23,"column":8},"end":{"line":23,"column":8}}]},"3":{"line":28,"type":"if","locations":[{"start":{"line":28,"column":8},"end":{"line":28,"column":8}},{"start":{"line":28,"column":8},"end":{"line":28,"column":8}}]},"4":{"line":47,"type":"if","locations":[{"start":{"line":47,"column":8},"end":{"line":47,"column":8}},{"start":{"line":47,"column":8},"end":{"line":47,"column":8}}]}}}}