TN:
SF:/Users/ryanfisch/Code/cone/contracts/Custodial.sol
FN:21,
FN:28,onlyCustodian
FN:36,renounceCustody
FN:45,transferCustody
FNF:4
FNH:1
FNDA:2,
FNDA:0,onlyCustodian
FNDA:0,renounceCustody
FNDA:0,transferCustody
DA:22,2
DA:29,0
DA:30,0
DA:37,0
DA:38,0
DA:46,0
DA:47,0
DA:48,0
LF:8
LH:1
BRDA:29,1,0,0
BRDA:29,1,1,0
BRDA:46,2,0,0
BRDA:46,2,1,0
BRF:4
BRH:0
end_of_record
TN:
SF:/Users/ryanfisch/Code/cone/contracts/Escrow.sol
FN:17,
FN:22,PayerOnly
FN:27,PayeeOnly
FN:32,createAgreement
FN:40,makeRedeemable
FN:45,redeem
FNF:6
FNH:1
FNDA:2,
FNDA:0,PayerOnly
FNDA:0,PayeeOnly
FNDA:0,createAgreement
FNDA:0,makeRedeemable
FNDA:0,redeem
DA:18,2
DA:19,2
DA:23,0
DA:24,0
DA:28,0
DA:29,0
DA:33,0
DA:34,0
DA:35,0
DA:36,0
DA:37,0
DA:42,0
DA:47,0
DA:48,0
DA:49,0
LF:15
LH:2
BRDA:18,1,0,2
BRDA:18,1,1,0
BRDA:23,2,0,0
BRDA:23,2,1,0
BRDA:28,3,0,0
BRDA:28,3,1,0
BRDA:47,4,0,0
BRDA:47,4,1,0
BRF:8
BRH:1
end_of_record
